
Feature: (GTsuite/10-mar-2026)
GT-SUITE workstation: (PC-Moritz)
License Server: (lizenz-academic-gt-suite.hs-esslingen.de)
License entitlement ID: (SRZHPBEGZFBBEIEHXCLYTZMIOYEQJD)
License ID: (-346226904)

 INFO
 ==============================================================================
 GT-SUITE - GAMMA TECHNOLOGIES
 ------------------------------------------------------------------------------
 License  :  GT-SUITE
 Version  :  2025
 Build #  :  1.0000
 Platform :  Windows 64 bit
 Date     :  22-AUG-25  Time: 15:55:35
 File     :  C:\Users\mobar\Desktop\Forschungsprojekt Auerbach\01_MP_KKL_Simu\02_GitHub\thermomanagement-formula-student-main\13_25er_1D-Model_Cooling-System-V2025_fan1.dat
 ==============================================================================
  
 INFO ----- Definition of Messages -----
       WARN:    Try to correct       - might affect accuracy
       ALERT:   Should be corrected  - likely to produce inaccurate results
       SEVERE:  Must be corrected    - will produce meaningless results
  
 Running as v2025
  
  
 *STATUS: ------------------ Start of Case 1 -----------------------------------
  
  
  Case Number:        1 of  1
  Case Setup Number:  13
  
 Running as v2025
  
 INFO FluidLiqCompressible object h2o has been identified as a water species. 
      Since Clausius-Clapeyron Based Saturation Curve Calculation for Water in
      Advanced Setup/Flow is turned off, the Wagner-Pruss equation will be
      used to predict saturation properties.
 ========================================================================
  Completed processing of FanSpecs Object: Fan_Specs
 ========================================================================
 INFO Data points have been identified on the 5000. rpm speed line
      for PumpMap which will result in a derivative of pressure rise with
      respect to flow rate that is positive in some region (also known
      as droop). To avoid problems during a simulation, these points have
      been adjusted so the above mentioned derivative is always negative.
      Generating PumpSpecs
  
 ========================================================================
      Generating PumpSpecs
  
 INFO Thermal solver for column #1 set to transient.
  
 INFO Wall Temperature Update Interval is set to "def".
      The timestep for wall temperature calculations will be  0.1 s.
      (The largest step used by the Implicit or Quasi-Steady flow solution.)
  
 INFO ******** Flow Part Count ********
 Flow Solution Cluster                   Pipe Subvolumes Flow Volumes
 1 (Column 1)                              1002            1008
 2 (Column 1)                               364             369
  
*ALERT:FlowPDropTableRef/Pressure_Drop_Cooling_Plate_25_V35
      has static pressure drop entered but it's used at 2 locations
      which have different upstream/downstream areas. This might lead
      to wrong results. Please make a copy of this object and use it 
      at the 2nd location.
*ALERT:A FluidReservoir and/or Tank3D part(s) were detected in a flow circuit 
      using the Implicit flow solver, but the attribute 'Alternate Implicit
      Solver for Faster Convergence of Multi-Fluid Flows' in Advanced Setup ->
      Flow is set to "off". Setting it to 'v2019' can help improve convergence
      and reduce computation time.
  
  
*WARN:The circuit "Flow 1 (Column 1)"
      appears to be a closed, fixed-volume system.
      Calculation of the absolute pressure is extremely dependent on
      temperature for a liquid and may not be reliable.
      Convergence difficulties may be encountered.
  
  
 INFO ****** Circuit/Species Summary ******
 Solution cluster: 1 (Column 1)
   Circuit: Flow 1 (Column 1) (Part: Cooling_Jacket_Front)
     h2o (=> h2o-vap)
     air2
     h2o-vap (=> h2o)
 Solution cluster: 2 (Column 1)
   Circuit: Flow 2 (Column 1) (Part: Fan-In-03)
     air2
  
  
 INFO Total Number of Parts =  3412
  
  
 *STATUS: ------------------ Start of Time Stepping, Case 1 --------------------
  
 Case#   1, Flow Step       20, dt = 0.100    , t =  2.0000     CPU: 0:00:04.68
 Case#   1, Flow Step       40, dt = 0.100    , t =  4.0000     CPU: 0:00:06.44
 Case#   1, Flow Step       60, dt = 0.100    , t =  6.0000     CPU: 0:00:08.22
 Case#   1, Flow Step       80, dt = 0.100    , t =  8.0000     CPU: 0:00:09.98
 Case#   1, Flow Step      100, dt = 0.100    , t =  10.000     CPU: 0:00:11.35
 Case#   1, Flow Step      200, dt = 0.100    , t =  20.000     CPU: 0:00:18.58
 Case#   1, Flow Step      300, dt = 0.100    , t =  30.000     CPU: 0:00:25.66
 Case#   1, Flow Step      400, dt = 0.100    , t =  40.000     CPU: 0:00:32.64
 Case#   1, Flow Step      500, dt = 0.100    , t =  50.000     CPU: 0:00:39.27
 Case#   1, Flow Step      600, dt = 0.100    , t =  60.000     CPU: 0:00:45.74
 Case#   1, Flow Step      700, dt = 0.100    , t =  70.000     CPU: 0:00:52.54
 Case#   1, Flow Step      800, dt = 0.100    , t =  80.000     CPU: 0:00:57.98
 Case#   1, Flow Step      900, dt = 0.100    , t =  90.000     CPU: 0:01:01.38
 Case#   1, Flow Step     1000, dt = 0.100    , t =  100.00     CPU: 0:01:04.76
 Case#   1, Flow Step     1100, dt = 0.100    , t =  110.00     CPU: 0:01:08.17
 Case#   1, Flow Step     1200, dt = 0.100    , t =  120.00     CPU: 0:01:11.58
 Case#   1, Flow Step     1300, dt = 0.100    , t =  130.00     CPU: 0:01:14.89
 Case#   1, Flow Step     1400, dt = 0.100    , t =  140.00     CPU: 0:01:18.19
 Case#   1, Flow Step     1500, dt = 0.100    , t =  150.00     CPU: 0:01:21.65
 Case#   1, Flow Step     1600, dt = 0.100    , t =  160.00     CPU: 0:01:25.44
 Case#   1, Flow Step     1700, dt = 0.100    , t =  170.00     CPU: 0:01:29.13
 Case#   1, Flow Step     1800, dt = 0.100    , t =  180.00     CPU: 0:01:32.73
 Case#   1, Flow Step     1900, dt = 0.100    , t =  190.00     CPU: 0:01:36.32
 Case#   1, Flow Step     2000, dt = 0.100    , t =  200.00     CPU: 0:01:39.80
 Case#   1, Flow Step     2100, dt = 0.100    , t =  210.00     CPU: 0:01:43.16
 Case#   1, Flow Step     2200, dt = 0.100    , t =  220.00     CPU: 0:01:46.56
 Case#   1, Flow Step     2300, dt = 0.100    , t =  230.00     CPU: 0:01:50.07
 Case#   1, Flow Step     2400, dt = 0.100    , t =  240.00     CPU: 0:01:53.54
 Case#   1, Flow Step     2500, dt = 0.100    , t =  250.00     CPU: 0:01:57.06
 Case#   1, Flow Step     2600, dt = 0.100    , t =  260.00     CPU: 0:02:00.52
 Case#   1, Flow Step     2700, dt = 0.100    , t =  270.00     CPU: 0:02:04.00
 Case#   1, Flow Step     2800, dt = 0.100    , t =  280.00     CPU: 0:02:07.47
 Case#   1, Flow Step     2900, dt = 0.100    , t =  290.00     CPU: 0:02:10.89
 Case#   1, Flow Step     3000, dt = 0.100    , t =  300.00     CPU: 0:02:14.27
 Case#   1, Flow Step     3100, dt = 0.100    , t =  310.00     CPU: 0:02:17.68
 Case#   1, Flow Step     3200, dt = 0.100    , t =  320.00     CPU: 0:02:21.12
 Case#   1, Flow Step     3300, dt = 0.100    , t =  330.00     CPU: 0:02:24.56
 Case#   1, Flow Step     3400, dt = 0.100    , t =  340.00     CPU: 0:02:28.13
 Case#   1, Flow Step     3500, dt = 0.100    , t =  350.00     CPU: 0:02:31.48
 Case#   1, Flow Step     3600, dt = 0.100    , t =  360.00     CPU: 0:02:34.93
 Case#   1, Flow Step     3700, dt = 0.100    , t =  370.00     CPU: 0:02:38.26
 Case#   1, Flow Step     3800, dt = 0.100    , t =  380.00     CPU: 0:02:41.65
 Case#   1, Flow Step     3900, dt = 0.100    , t =  390.00     CPU: 0:02:45.08
 Case#   1, Flow Step     4000, dt = 0.100    , t =  400.00     CPU: 0:02:48.64
 Case#   1, Flow Step     4100, dt = 0.100    , t =  410.00     CPU: 0:02:52.16
 Case#   1, Flow Step     4200, dt = 0.100    , t =  420.00     CPU: 0:02:55.67
 Case#   1, Flow Step     4300, dt = 0.100    , t =  430.00     CPU: 0:02:59.17
 Case#   1, Flow Step     4400, dt = 0.100    , t =  440.00     CPU: 0:03:02.62
 Case#   1, Flow Step     4500, dt = 0.100    , t =  450.00     CPU: 0:03:06.02
 Case#   1, Flow Step     4600, dt = 0.100    , t =  460.00     CPU: 0:03:09.46
 Case#   1, Flow Step     4700, dt = 0.100    , t =  470.00     CPU: 0:03:13.01
 Case#   1, Flow Step     4800, dt = 0.100    , t =  480.00     CPU: 0:03:16.46
 Case#   1, Flow Step     4900, dt = 0.100    , t =  490.00     CPU: 0:03:20.11
 Case#   1, Flow Step     5000, dt = 0.100    , t =  500.00     CPU: 0:03:23.68
 Case#   1, Flow Step     5100, dt = 0.100    , t =  510.00     CPU: 0:03:29.51
 Case#   1, Flow Step     5200, dt = 0.100    , t =  520.00     CPU: 0:03:32.97
 Case#   1, Flow Step     5300, dt = 0.100    , t =  530.00     CPU: 0:03:36.51
 Case#   1, Flow Step     5400, dt = 0.100    , t =  540.00     CPU: 0:03:40.08
 Case#   1, Flow Step     5500, dt = 0.100    , t =  550.00     CPU: 0:03:43.68
 Case#   1, Flow Step     5600, dt = 0.100    , t =  560.00     CPU: 0:03:47.22
 Case#   1, Flow Step     5700, dt = 0.100    , t =  570.00     CPU: 0:03:50.93
 Case#   1, Flow Step     5800, dt = 0.100    , t =  580.00     CPU: 0:03:54.59
 Case#   1, Flow Step     5900, dt = 0.100    , t =  590.00     CPU: 0:03:58.23
 Case#   1, Flow Step     6000, dt = 0.100    , t =  600.00     CPU: 0:04:01.61
 Case#   1, Flow Step     6100, dt = 0.100    , t =  610.00     CPU: 0:04:05.10
 Case#   1, Flow Step     6200, dt = 0.100    , t =  620.00     CPU: 0:04:08.74
 Case#   1, Flow Step     6300, dt = 0.100    , t =  630.00     CPU: 0:04:12.40
 Case#   1, Flow Step     6400, dt = 0.100    , t =  640.00     CPU: 0:04:16.14
 Case#   1, Flow Step     6500, dt = 0.100    , t =  650.00     CPU: 0:04:19.90
 Case#   1, Flow Step     6600, dt = 0.100    , t =  660.00     CPU: 0:04:23.52
 Case#   1, Flow Step     6700, dt = 0.100    , t =  670.00     CPU: 0:04:27.13
 Case#   1, Flow Step     6800, dt = 0.100    , t =  680.00     CPU: 0:04:30.56
 Case#   1, Flow Step     6900, dt = 0.100    , t =  690.00     CPU: 0:04:34.21
 Case#   1, Flow Step     7000, dt = 0.100    , t =  700.00     CPU: 0:04:37.97
 Case#   1, Flow Step     7100, dt = 0.100    , t =  710.00     CPU: 0:04:41.65
 Case#   1, Flow Step     7200, dt = 0.100    , t =  720.00     CPU: 0:04:45.37
 Case#   1, Flow Step     7300, dt = 0.100    , t =  730.00     CPU: 0:04:49.14
 Case#   1, Flow Step     7400, dt = 0.100    , t =  740.00     CPU: 0:04:52.97
 Case#   1, Flow Step     7500, dt = 0.100    , t =  750.00     CPU: 0:04:56.66
 Case#   1, Flow Step     7600, dt = 0.100    , t =  760.00     CPU: 0:05:00.19
 Case#   1, Flow Step     7700, dt = 0.100    , t =  770.00     CPU: 0:05:04.02
 Case#   1, Flow Step     7800, dt = 0.100    , t =  780.00     CPU: 0:05:09.33
 Case#   1, Flow Step     7900, dt = 0.100    , t =  790.00     CPU: 0:05:13.51
 Case#   1, Flow Step     8000, dt = 0.100    , t =  800.00     CPU: 0:05:17.36
 Case#   1, Flow Step     8100, dt = 0.100    , t =  810.00     CPU: 0:05:21.07
 Case#   1, Flow Step     8200, dt = 0.100    , t =  820.00     CPU: 0:05:24.55
 Case#   1, Flow Step     8300, dt = 0.100    , t =  830.00     CPU: 0:05:27.64
 Case#   1, Flow Step     8400, dt = 0.100    , t =  840.00     CPU: 0:05:30.65
 Case#   1, Flow Step     8500, dt = 0.100    , t =  850.00     CPU: 0:05:33.64
 Case#   1, Flow Step     8600, dt = 0.100    , t =  860.00     CPU: 0:05:36.78
 Case#   1, Flow Step     8700, dt = 0.100    , t =  870.00     CPU: 0:05:40.45
 Case#   1, Flow Step     8800, dt = 0.100    , t =  880.00     CPU: 0:05:44.01
 Case#   1, Flow Step     8900, dt = 0.100    , t =  890.00     CPU: 0:05:47.91
 Case#   1, Flow Step     9000, dt = 0.100    , t =  900.00     CPU: 0:05:51.98
 Case#   1, Flow Step     9100, dt = 0.100    , t =  910.00     CPU: 0:05:55.25
 Case#   1, Flow Step     9200, dt = 0.100    , t =  920.00     CPU: 0:05:58.28
 Case#   1, Flow Step     9300, dt = 0.100    , t =  930.00     CPU: 0:06:01.33
 Case#   1, Flow Step     9400, dt = 0.100    , t =  940.00     CPU: 0:06:04.41
 Case#   1, Flow Step     9500, dt = 0.100    , t =  950.00     CPU: 0:06:07.45
 Case#   1, Flow Step     9600, dt = 0.100    , t =  960.00     CPU: 0:06:10.95
 Case#   1, Flow Step     9700, dt = 0.100    , t =  970.00     CPU: 0:06:15.31
 Case#   1, Flow Step     9800, dt = 0.100    , t =  980.00     CPU: 0:06:19.83
 Case#   1, Flow Step     9900, dt = 0.100    , t =  990.00     CPU: 0:06:24.59
 Case#   1, Flow Step    10000, dt = 0.100    , t =  1000.0     CPU: 0:06:29.11
 Case#   1, Flow Step    10100, dt = 0.100    , t =  1010.0     CPU: 0:06:33.80
 Case#   1, Flow Step    10200, dt = 0.100    , t =  1020.0     CPU: 0:06:38.00
 Case#   1, Flow Step    10300, dt = 0.100    , t =  1030.0     CPU: 0:06:42.87
 Case#   1, Flow Step    10400, dt = 0.100    , t =  1040.0     CPU: 0:06:47.75
 Case#   1, Flow Step    10500, dt = 0.100    , t =  1050.0     CPU: 0:06:52.86
 Case#   1, Flow Step    10600, dt = 0.100    , t =  1060.0     CPU: 0:06:58.95
 Case#   1, Flow Step    10700, dt = 0.100    , t =  1070.0     CPU: 0:07:04.84
 Case#   1, Flow Step    10800, dt = 0.100    , t =  1080.0     CPU: 0:07:10.85
 Case#   1, Flow Step    10900, dt = 0.100    , t =  1090.0     CPU: 0:07:16.05
 Case#   1, Flow Step    11000, dt = 0.100    , t =  1100.0     CPU: 0:07:21.59
 Case#   1, Flow Step    11100, dt = 0.100    , t =  1110.0     CPU: 0:07:27.90
 Case#   1, Flow Step    11200, dt = 0.100    , t =  1120.0     CPU: 0:07:34.49
 Case#   1, Flow Step    11300, dt = 0.100    , t =  1130.0     CPU: 0:07:41.60
 Case#   1, Flow Step    11400, dt = 0.100    , t =  1140.0     CPU: 0:07:49.30
 Case#   1, Flow Step    11500, dt = 0.100    , t =  1150.0     CPU: 0:07:57.01
 Case#   1, Flow Step    11600, dt = 0.100    , t =  1160.0     CPU: 0:08:05.37
 Case#   1, Flow Step    11700, dt = 0.100    , t =  1170.0     CPU: 0:08:13.63
 Case#   1, Flow Step    11800, dt = 0.100    , t =  1180.0     CPU: 0:08:22.63
 Case#   1, Flow Step    11900, dt = 0.100    , t =  1190.0     CPU: 0:08:32.27
  
*WARN:Temp out of range for: h2o  T =  373.151
    Step :  11925 Part = Cooling_Jacket_Rear
    Properties were evaluated at T =  373.15
    Suppressing additional warnings of this type for this timestep.
  
  
*WARN:Temp out of range for: h2o  T =  373.151
    Step :  11926 Part = Cooling_Jacket_Rear
    Properties were evaluated at T =  373.15
    Suppressing additional warnings of this type for this timestep.
  
  
*WARN:Temp out of range for: h2o  T =  373.152
    Step :  11927 Part = Cooling_Jacket_Rear
    Properties were evaluated at T =  373.15
    Suppressing additional warnings of this type for this timestep.
  
  
*WARN:Temp out of range for: h2o  T =  373.151
    Step :  11928 Part = Cooling_Jacket_Rear
    Properties were evaluated at T =  373.15
    Suppressing additional warnings of this type for this timestep.
  
  
*WARN:Temp out of range for: h2o  T =  373.15
    Step :  11929 Part = Cooling_Jacket_Rear
    Properties were evaluated at T =  373.15
    Suppressing additional warnings of this type for this timestep.
  
  
*WARN:Temp out of range for: h2o  T =  373.151
    Step :  11930 Part = Cooling_Jacket_Rear
    Properties were evaluated at T =  373.15
    Suppressing additional warnings of this type for this timestep.
  
  
*WARN:Temp out of range for: h2o  T =  373.151
    Step :  11931 Part = Cooling_Jacket_Rear
    Properties were evaluated at T =  373.15
    Suppressing additional warnings of this type for this timestep.
  
  
*WARN:Temp out of range for: h2o  T =  373.152
    Step :  11932 Part = Cooling_Jacket_Rear
    Properties were evaluated at T =  373.15
    Suppressing additional warnings of this type for this timestep.
  
  
*WARN:Temp out of range for: h2o  T =  373.151
    Step :  11933 Part = Cooling_Jacket_Rear
    Properties were evaluated at T =  373.15
    Suppressing additional warnings of this type for this timestep.
  
  
*WARN:Temp out of range for: h2o  T =  373.151
    Step :  11934 Part = Cooling_Jacket_Rear
    Properties were evaluated at T =  373.15
    Warn limit exceeded: Suppressing future warnings of this type for this case.
 Case#   1, Flow Step    12000, dt = 0.100    , t =  1200.0     CPU: 0:08:40.43
 Case#   1, Flow Step    12100, dt = 0.100    , t =  1210.0     CPU: 0:08:43.35
 Case#   1, Flow Step    12200, dt = 0.100    , t =  1220.0     CPU: 0:08:45.68
 Case#   1, Flow Step    12300, dt = 0.100    , t =  1230.0     CPU: 0:08:47.96
 Case#   1, Flow Step    12400, dt = 0.100    , t =  1240.0     CPU: 0:08:50.25
 Case#   1, Flow Step    12500, dt = 0.100    , t =  1250.0     CPU: 0:08:52.47
 Case#   1, Flow Step    12600, dt = 0.100    , t =  1260.0     CPU: 0:08:54.75
 Case#   1, Flow Step    12700, dt = 0.100    , t =  1270.0     CPU: 0:08:56.99
 Case#   1, Flow Step    12800, dt = 0.100    , t =  1280.0     CPU: 0:08:59.28
 Case#   1, Flow Step    12900, dt = 0.100    , t =  1290.0     CPU: 0:09:01.61
 Case#   1, Flow Step    13000, dt = 0.100    , t =  1300.0     CPU: 0:09:03.92
 Case#   1, Flow Step    13100, dt = 0.100    , t =  1310.0     CPU: 0:09:06.23
 Case#   1, Flow Step    13200, dt = 0.100    , t =  1320.0     CPU: 0:09:08.49
 Case#   1, Flow Step    13300, dt = 0.100    , t =  1330.0     CPU: 0:09:10.75
 Case#   1, Flow Step    13400, dt = 0.100    , t =  1340.0     CPU: 0:09:13.04
 Case#   1, Flow Step    13500, dt = 0.100    , t =  1350.0     CPU: 0:09:15.32
 Case#   1, Flow Step    13600, dt = 0.100    , t =  1360.0     CPU: 0:09:17.61
 Case#   1, Flow Step    13700, dt = 0.100    , t =  1370.0     CPU: 0:09:19.91
 Case#   1, Flow Step    13800, dt = 0.100    , t =  1380.0     CPU: 0:09:22.26
 Case#   1, Flow Step    13900, dt = 0.100    , t =  1390.0     CPU: 0:09:24.55
 Case#   1, Flow Step    14000, dt = 0.100    , t =  1400.0     CPU: 0:09:26.79
 Case#   1, Flow Step    14100, dt = 0.100    , t =  1410.0     CPU: 0:09:29.11
 Case#   1, Flow Step    14200, dt = 0.100    , t =  1420.0     CPU: 0:09:31.41
 Case#   1, Flow Step    14300, dt = 0.100    , t =  1430.0     CPU: 0:09:33.69
 Case#   1, Flow Step    14400, dt = 0.100    , t =  1440.0     CPU: 0:09:35.98
 Case#   1, Flow Step    14500, dt = 0.100    , t =  1450.0     CPU: 0:09:38.34
 Case#   1, Flow Step    14600, dt = 0.100    , t =  1460.0     CPU: 0:09:40.67
 Case#   1, Flow Step    14700, dt = 0.100    , t =  1470.0     CPU: 0:09:43.07
 Case#   1, Flow Step    14800, dt = 0.100    , t =  1480.0     CPU: 0:09:45.35
 Case#   1, Flow Step    14900, dt = 0.100    , t =  1490.0     CPU: 0:09:47.64
 Case#   1, Flow Step    15000, dt = 0.100    , t =  1500.0     CPU: 0:09:49.94
 Case#   1, Flow Step    15100, dt = 0.100    , t =  1510.0     CPU: 0:09:52.23
 Case#   1, Flow Step    15200, dt = 0.100    , t =  1520.0     CPU: 0:09:54.55
 Case#   1, Flow Step    15300, dt = 0.100    , t =  1530.0     CPU: 0:09:56.88
 Case#   1, Flow Step    15400, dt = 0.100    , t =  1540.0     CPU: 0:09:59.48
 Case#   1, Flow Step    15500, dt = 0.100    , t =  1550.0     CPU: 0:10:01.81
 Case#   1, Flow Step    15600, dt = 0.100    , t =  1560.0     CPU: 0:10:04.12
 Case#   1, Flow Step    15700, dt = 0.100    , t =  1570.0     CPU: 0:10:06.42
 Case#   1, Flow Step    15800, dt = 0.100    , t =  1580.0     CPU: 0:10:08.70
 Case#   1, Flow Step    15900, dt = 0.100    , t =  1590.0     CPU: 0:10:11.02
 Case#   1, Flow Step    16000, dt = 0.100    , t =  1600.0     CPU: 0:10:13.32
 Case#   1, Flow Step    16100, dt = 0.100    , t =  1610.0     CPU: 0:10:15.66
 Case#   1, Flow Step    16200, dt = 0.100    , t =  1620.0     CPU: 0:10:17.97
 Case#   1, Flow Step    16300, dt = 0.100    , t =  1630.0     CPU: 0:10:20.24
 Case#   1, Flow Step    16400, dt = 0.100    , t =  1640.0     CPU: 0:10:22.48
 Case#   1, Flow Step    16500, dt = 0.100    , t =  1650.0     CPU: 0:10:24.72
 Case#   1, Flow Step    16600, dt = 0.100    , t =  1660.0     CPU: 0:10:27.00
 Case#   1, Flow Step    16700, dt = 0.100    , t =  1670.0     CPU: 0:10:29.32
 Case#   1, Flow Step    16800, dt = 0.100    , t =  1680.0     CPU: 0:10:31.61
 Case#   1, Flow Step    16900, dt = 0.100    , t =  1690.0     CPU: 0:10:33.95
 Case#   1, Flow Step    17000, dt = 0.100    , t =  1700.0     CPU: 0:10:36.24
 Case#   1, Flow Step    17100, dt = 0.100    , t =  1710.0     CPU: 0:10:38.50
 Case#   1, Flow Step    17200, dt = 0.100    , t =  1720.0     CPU: 0:10:40.75
 Case#   1, Flow Step    17300, dt = 0.100    , t =  1730.0     CPU: 0:10:43.00
 Case#   1, Flow Step    17400, dt = 0.100    , t =  1740.0     CPU: 0:10:45.25
 Case#   1, Flow Step    17500, dt = 0.100    , t =  1750.0     CPU: 0:10:47.54
 Case#   1, Flow Step    17600, dt = 0.100    , t =  1760.0     CPU: 0:10:49.84
 Case#   1, Flow Step    17700, dt = 0.100    , t =  1770.0     CPU: 0:10:52.12
 Case#   1, Flow Step    17800, dt = 0.100    , t =  1780.0     CPU: 0:10:54.37
 Case#   1, Flow Step    17900, dt = 0.100    , t =  1790.0     CPU: 0:10:56.64
 Case#   1, Flow Step    18000, dt = 0.100    , t =  1800.0     CPU: 0:10:58.90
    Cluster:         1 (Column 1)                              18000 substeps
    Cluster:         2 (Column 1)                              18000 substeps
  
 *STATUS: ------------------ Summary of Case 1 ---------------------------------
  
  
 INFO Number of flow time steps = 18000
  
 
 ----------------------------------------------------------------------------------
 INFO ODE Integration Statistics - ODE Solution Cluster #  1
 ----------------------------------------------------------------------------------
 Number of ODEs                     =          3
 Number of time steps               =      18000
 Number of time step adjustments    =          0
 # of time steps with TS adjustment =          0
 Max. normalized integration error  = 0.00000025
 Average time step                  = 0.10000000 s
 ----------------------------------------------------------------------------------
 
 INFO Top time step limiting ODEs, nodes and parts:    
   #STEPS      % ODE# TYP NODE Part Name  Inside Part Named
 ---------------------------------------------------------------------------------------------
     17999  99%    3 d1     5 TransferFunction:EMotorFan!PIDController   On Map              
 ======================================================================
 INFO Approximate CPU breakdown by cluster
 ======================================================================
 Cluster Circuit Type      Name                       % CPU        min 
 ----------------------------------------------------------------------
       1       1  Flow     Flow 1 (Column 1)          66.57        7.27
       2       2  Flow     Flow 2 (Column 1)          23.58        2.58
       -       -  -        Thermal                     9.21        1.01
       1       1  ODE/Mech ODE 1 (Column 1)            0.64        0.07
       "       2  ODE/Mech ODE 2 (Column 1)             "
       "       3  ODE/Mech Controls (Column 1)          "
 ======================================================================
  
*WARN:Temperature out of range detected for species h2o.
      Temperature as high as  416.274K > maximum valid 373.15K
      (Detected a total of 12258995 times for 6076 timesteps.)
  
  CASE    COMPUTATIONS:  Elapsed Time: 11 Min: 21.59 Sec                       
  FINAL   COMPUTATIONS:  Elapsed Time: 11 Min: 22.78 Sec                       
  
 Stopping the Run
  
 *STATUS: ------------------ END OF RUN 22-AUG-25 16:08:59 ---------------------
  
 Fri Aug 22 16:08:59 2025 Processing compounds from C:\Users\mobar\Desktop\Forschungsprojekt Auerbach\01_MP_KKL_Simu\02_GitHub\thermomanagement-formula-student-main\13_25er_1D-Model_Cooling-System-V2025_fan1_compound.xml
 Fri Aug 22 16:09:03 2025 C:\Users\mobar\Desktop\Forschungsprojekt Auerbach\01_MP_KKL_Simu\02_GitHub\thermomanagement-formula-student-main\13_25er_1D-Model_Cooling-System-V2025_fan1.glx file GLX generated successfully. Size is 27.8396 MB.
